GAS LISTING /tmp/ccnyzdAF.s 			page 1


   1              		.file	"main.c"
   2              		.option nopic
   3              		.option norelax
   4              		.text
   5              	.Ltext0:
   6              		.cfi_sections	.debug_frame
   7              		.align	2
   8              		.globl	main
  10              	main:
  11              	.LFB0:
  12              		.file 1 "src/main.c"
   1:src/main.c    **** #include "../lib/console.h"
   2:src/main.c    **** #include "../lib/mem.h"
   3:src/main.c    **** #include "../lib/hw.h"
   4:src/main.c    **** 
   5:src/main.c    **** void main(){
  13              		.loc 1 5 12
  14              		.cfi_startproc
  15 0000 130101FF 		addi	sp,sp,-16
  16              		.cfi_def_cfa_offset 16
  17 0004 23341100 		sd	ra,8(sp)
  18 0008 23308100 		sd	s0,0(sp)
  19              		.cfi_offset 1, -8
  20              		.cfi_offset 8, -16
  21 000c 13040101 		addi	s0,sp,16
  22              		.cfi_def_cfa 8, 0
   6:src/main.c    ****     __mem_alloc(4);
  23              		.loc 1 6 5
  24 0010 13054000 		li	a0,4
  25 0014 97000000 		call	__mem_alloc
  25      E7800000 
  26              	.LVL0:
   7:src/main.c    ****     if(HEAP_START_ADDR > HEAP_END_ADDR) __putc('k');
  27              		.loc 1 7 5
  28              		.loc 1 7 24 is_stmt 0
  29 001c 17070000 		ld	a4,HEAP_START_ADDR
  29      03370700 
  30 0024 97070000 		ld	a5,HEAP_END_ADDR
  30      83B70700 
  31              		.loc 1 7 7
  32 002c 63EAE700 		bgtu	a4,a5,.L4
  33              	.L1:
   8:src/main.c    **** }...
  34              		.loc 1 8 1
  35 0030 83308100 		ld	ra,8(sp)
  36              		.cfi_remember_state
  37              		.cfi_restore 1
  38 0034 03340100 		ld	s0,0(sp)
  39              		.cfi_restore 8
  40              		.cfi_def_cfa 2, 16
  41 0038 13010101 		addi	sp,sp,16
  42              		.cfi_def_cfa_offset 0
  43 003c 67800000 		jr	ra
  44              	.L4:
  45              		.cfi_restore_state
   7:src/main.c    ****     if(HEAP_START_ADDR > HEAP_END_ADDR) __putc('k');
  46              		.loc 1 7 41 is_stmt 1 discriminator 1
GAS LISTING /tmp/ccnyzdAF.s 			page 2


  47 0040 1305B006 		li	a0,107
  48 0044 97000000 		call	__putc
  48      E7800000 
  49              	.LVL1:
  50              		.loc 1 8 1 is_stmt 0 discriminator 1
  51 004c 6FF05FFE 		j	.L1
  52              		.cfi_endproc
  53              	.LFE0:
  55              	.Letext0:
  56              		.file 2 "src/../lib/hw.h"
  57              		.file 3 "src/../lib/mem.h"
  58              		.file 4 "src/../lib/console.h"
GAS LISTING /tmp/ccnyzdAF.s 			page 3


DEFINED SYMBOLS
                            *ABS*:0000000000000000 main.c
     /tmp/ccnyzdAF.s:10     .text:0000000000000000 main
     /tmp/ccnyzdAF.s:14     .text:0000000000000000 .L0 
     /tmp/ccnyzdAF.s:15     .text:0000000000000000 .L0 
     /tmp/ccnyzdAF.s:16     .text:0000000000000004 .L0 
     /tmp/ccnyzdAF.s:19     .text:000000000000000c .L0 
     /tmp/ccnyzdAF.s:20     .text:000000000000000c .L0 
     /tmp/ccnyzdAF.s:22     .text:0000000000000010 .L0 
     /tmp/ccnyzdAF.s:24     .text:0000000000000010 .L0 
     /tmp/ccnyzdAF.s:28     .text:000000000000001c .L0 
     /tmp/ccnyzdAF.s:29     .text:000000000000001c .L0 
     /tmp/ccnyzdAF.s:32     .text:000000000000002c .L0 
     /tmp/ccnyzdAF.s:35     .text:0000000000000030 .L0 
     /tmp/ccnyzdAF.s:36     .text:0000000000000034 .L0 
     /tmp/ccnyzdAF.s:37     .text:0000000000000034 .L0 
     /tmp/ccnyzdAF.s:39     .text:0000000000000038 .L0 
     /tmp/ccnyzdAF.s:40     .text:0000000000000038 .L0 
     /tmp/ccnyzdAF.s:42     .text:000000000000003c .L0 
     /tmp/ccnyzdAF.s:45     .text:0000000000000040 .L0 
     /tmp/ccnyzdAF.s:47     .text:0000000000000040 .L0 
     /tmp/ccnyzdAF.s:51     .text:000000000000004c .L0 
     /tmp/ccnyzdAF.s:52     .text:0000000000000050 .L0 
     /tmp/ccnyzdAF.s:59     .text:0000000000000050 .L0 
                     .debug_frame:0000000000000000 .L0 
     /tmp/ccnyzdAF.s:29     .text:000000000000001c .L0 
     /tmp/ccnyzdAF.s:30     .text:0000000000000024 .L0 
     /tmp/ccnyzdAF.s:44     .text:0000000000000040 .L4
     /tmp/ccnyzdAF.s:33     .text:0000000000000030 .L1
     /tmp/ccnyzdAF.s:226    .debug_abbrev:0000000000000000 .Ldebug_abbrev0
     /tmp/ccnyzdAF.s:479    .debug_str:0000000000000149 .LASF19
     /tmp/ccnyzdAF.s:449    .debug_str:000000000000005f .LASF20
     /tmp/ccnyzdAF.s:455    .debug_str:0000000000000084 .LASF21
     /tmp/ccnyzdAF.s:5      .text:0000000000000000 .Ltext0
     /tmp/ccnyzdAF.s:55     .text:0000000000000050 .Letext0
     /tmp/ccnyzdAF.s:433    .debug_line:0000000000000000 .Ldebug_line0
     /tmp/ccnyzdAF.s:437    .debug_str:000000000000000c .LASF0
     /tmp/ccnyzdAF.s:471    .debug_str:0000000000000107 .LASF1
     /tmp/ccnyzdAF.s:459    .debug_str:00000000000000ae .LASF2
     /tmp/ccnyzdAF.s:453    .debug_str:000000000000007d .LASF4
     /tmp/ccnyzdAF.s:447    .debug_str:000000000000004d .LASF3
     /tmp/ccnyzdAF.s:443    .debug_str:0000000000000036 .LASF5
     /tmp/ccnyzdAF.s:451    .debug_str:000000000000006a .LASF6
     /tmp/ccnyzdAF.s:469    .debug_str:00000000000000f4 .LASF7
     /tmp/ccnyzdAF.s:477    .debug_str:0000000000000139 .LASF8
     /tmp/ccnyzdAF.s:439    .debug_str:0000000000000019 .LASF9
     /tmp/ccnyzdAF.s:441    .debug_str:0000000000000027 .LASF10
     /tmp/ccnyzdAF.s:475    .debug_str:000000000000012a .LASF11
     /tmp/ccnyzdAF.s:445    .debug_str:000000000000003d .LASF12
     /tmp/ccnyzdAF.s:473    .debug_str:000000000000011a .LASF13
     /tmp/ccnyzdAF.s:457    .debug_str:00000000000000a2 .LASF14
     /tmp/ccnyzdAF.s:467    .debug_str:00000000000000de .LASF15
     /tmp/ccnyzdAF.s:465    .debug_str:00000000000000c8 .LASF16
     /tmp/ccnyzdAF.s:461    .debug_str:00000000000000bc .LASF22
     /tmp/ccnyzdAF.s:11     .text:0000000000000000 .LFB0
     /tmp/ccnyzdAF.s:53     .text:0000000000000050 .LFE0
     /tmp/ccnyzdAF.s:26     .text:000000000000001c .LVL0
GAS LISTING /tmp/ccnyzdAF.s 			page 4


     /tmp/ccnyzdAF.s:49     .text:000000000000004c .LVL1
     /tmp/ccnyzdAF.s:435    .debug_str:0000000000000000 .LASF17
     /tmp/ccnyzdAF.s:463    .debug_str:00000000000000c1 .LASF18
     /tmp/ccnyzdAF.s:60     .debug_info:0000000000000000 .Ldebug_info0

UNDEFINED SYMBOLS
__mem_alloc
HEAP_START_ADDR
HEAP_END_ADDR
__putc
